\BOOKMARK [0][]{Title.0}{Title Page}{}% 1
\BOOKMARK [1][]{Resumo.1}{Resumo}{Title.0}% 2
\BOOKMARK [1][]{Abstract.1}{Abstract}{Title.0}% 3
\BOOKMARK [1][]{toc.1}{Sum\341rio}{Title.0}% 4
\BOOKMARK [1][]{lof.1}{Lista de Figuras}{Title.0}% 5
\BOOKMARK [0][]{chapter.1}{1 Introdu\347\343o}{}% 6
\BOOKMARK [1][]{section.1.1}{1.1 Objetivo}{chapter.1}% 7
\BOOKMARK [1][]{section.1.2}{1.2 Justificativa}{chapter.1}% 8
\BOOKMARK [0][]{chapter.2}{2 Metodologia}{}% 9
\BOOKMARK [1][]{section.2.1}{2.1 M\351todo bili}{chapter.2}% 10
\BOOKMARK [2][]{subsection.2.1.1}{2.1.1 Fase 1}{section.2.1}% 11
\BOOKMARK [2][]{subsection.2.1.2}{2.1.2 Fase 2}{section.2.1}% 12
\BOOKMARK [2][]{subsection.2.1.3}{2.1.3 Fase 3}{section.2.1}% 13
\BOOKMARK [2][]{subsection.2.1.4}{2.1.4 Fase 4}{section.2.1}% 14
\BOOKMARK [0][]{chapter.3}{3 Estudo do estado da arte}{}% 15
\BOOKMARK [1][]{section.3.1}{3.1 Rob\364s Antroporm\363ficos}{chapter.3}% 16
\BOOKMARK [2][]{subsection.3.1.1}{3.1.1 Defini\347\343o}{section.3.1}% 17
\BOOKMARK [2][]{subsection.3.1.2}{3.1.2 Componentes principais}{section.3.1}% 18
\BOOKMARK [1][]{section.3.2}{3.2 Modelos de rob\364s b\355pedes}{chapter.3}% 19
\BOOKMARK [2][]{subsection.3.2.1}{3.2.1 Rob\364 NAO}{section.3.2}% 20
\BOOKMARK [2][]{subsection.3.2.2}{3.2.2 Rob\364 DARWIN-OP}{section.3.2}% 21
\BOOKMARK [2][]{subsection.3.2.3}{3.2.3 Rob\364 LOLA}{section.3.2}% 22
\BOOKMARK [2][]{subsection.3.2.4}{3.2.4 Rob\364 HUBO 2}{section.3.2}% 23
\BOOKMARK [1][]{section.3.3}{3.3 Estudo das funcionalidades e mec\342nismos}{chapter.3}% 24
\BOOKMARK [2][]{subsection.3.3.1}{3.3.1 Percep\347\343o}{section.3.3}% 25
\BOOKMARK [2][]{subsection.3.3.2}{3.3.2 Mec\342nismos}{section.3.3}% 26
\BOOKMARK [2][]{subsection.3.3.3}{3.3.3 Controle}{section.3.3}% 27
\BOOKMARK [0][]{appendix.A}{A Comparativo entre modelos de rob\364s antroporm\363ficos}{}% 28
\BOOKMARK [0][]{appendix.A}{Refer\352ncias}{}% 29
